2021-08-07 14:54:28 info: undefined
2021-08-07 14:55:07 info: undefined
2021-08-07 14:55:30 info: undefined
2021-08-07 14:55:30 info: undefined
2021-08-07 14:55:30 info: undefined
2021-08-07 14:56:01 info: {
  point: 0,
  rollType: 'normal',
  deletedAt: null,
  _id: 60f00c3f5cf2cb4828bd3fd9,
  email: 'hi@naver.com',
  nickname: 'Moon',
  password: '$2b$12$zn7trq.vCCe0aTFpzWAqCumZSUIh5IWFOZUP2sn6KSuNTDfVrFt1u',
  createdAt: 2021-07-15T10:21:51.765Z,
  updatedAt: 2021-07-15T10:21:51.765Z,
  __v: 0
}
2021-08-07 14:56:01 info: undefined
2021-08-07 14:56:01 info: undefined
2021-08-07 14:56:46 info: hi@naver.com
2021-08-07 14:56:46 info: undefined
2021-08-07 14:56:46 info: undefined
2021-08-07 15:00:43 info: { rollType: 'admin', _id: 60f00c3f5cf2cb4828bd3fd9 }
2021-08-07 15:01:30 info: { rollType: 'normal', _id: 60f00c3f5cf2cb4828bd3fd9 }
2021-08-07 15:04:22 info: undefined
2021-08-07 15:04:37 info: undefined
2021-08-07 15:05:00 info: { rollType: 'normal', _id: 60f00c3f5cf2cb4828bd3fd9 }
2021-08-07 15:05:28 info: {
  point: 0,
  rollType: 'normal',
  deletedAt: null,
  _id: 60f00c3f5cf2cb4828bd3fd9,
  email: 'hi@naver.com',
  nickname: 'Moon',
  password: '$2b$12$zn7trq.vCCe0aTFpzWAqCumZSUIh5IWFOZUP2sn6KSuNTDfVrFt1u',
  createdAt: 2021-07-15T10:21:51.765Z,
  updatedAt: 2021-07-15T10:21:51.765Z,
  __v: 0
}
2021-08-07 15:05:58 info: 
2021-08-07 15:07:30 info: 
2021-08-07 15:08:00 info: 
2021-08-07 15:08:14 info: 
2021-08-07 15:10:32 info: 
2021-08-07 15:10:32 info: 
2021-08-07 15:11:56 info: {
  point: 0,
  rollType: 'normal',
  deletedAt: null,
  _id: 60f00c3f5cf2cb4828bd3fd9,
  email: 'hi@naver.com',
  nickname: 'Moon',
  password: '$2b$12$zn7trq.vCCe0aTFpzWAqCumZSUIh5IWFOZUP2sn6KSuNTDfVrFt1u',
  createdAt: 2021-07-15T10:21:51.765Z,
  updatedAt: 2021-07-15T10:21:51.765Z,
  __v: 0
}
2021-08-07 15:12:43 info: {
  point: 0,
  rollType: 'normal',
  deletedAt: null,
  _id: 60f00c3f5cf2cb4828bd3fd9,
  email: 'hi@naver.com',
  nickname: 'Moon',
  password: '$2b$12$zn7trq.vCCe0aTFpzWAqCumZSUIh5IWFOZUP2sn6KSuNTDfVrFt1u',
  createdAt: 2021-07-15T10:21:51.765Z,
  updatedAt: 2021-07-15T10:21:51.765Z,
  __v: 0
}
2021-08-07 15:13:06 info: null
2021-08-07 15:13:35 info: 
2021-08-07 15:14:19 info: 
2021-08-07 15:14:46 info: 
2021-08-07 15:15:53 info: 
2021-08-07 15:16:40 info: 
2021-08-07 15:19:23 info: 
2021-08-07 15:25:31 info: 
2021-08-07 15:26:12 info: {
  rollType: 'normal',
  point: 0,
  deletedAt: null,
  _id: 60f00c3f5cf2cb4828bd3fd9,
  email: 'hi@naver.com',
  nickname: 'Moon',
  password: '$2b$12$zn7trq.vCCe0aTFpzWAqCumZSUIh5IWFOZUP2sn6KSuNTDfVrFt1u',
  createdAt: 2021-07-15T10:21:51.765Z,
  updatedAt: 2021-07-15T10:21:51.765Z,
  __v: 0
}
2021-08-07 15:26:36 info: 
2021-08-07 15:30:08 info: {
  point: 0,
  rollType: 'normal',
  deletedAt: null,
  _id: 60f00c3f5cf2cb4828bd3fd9,
  email: 'hi@naver.com',
  nickname: 'Moon',
  password: '$2b$12$zn7trq.vCCe0aTFpzWAqCumZSUIh5IWFOZUP2sn6KSuNTDfVrFt1u',
  createdAt: 2021-07-15T10:21:51.765Z,
  updatedAt: 2021-07-15T10:21:51.765Z,
  __v: 0
}
2021-08-07 15:33:00 info: {
  point: 0,
  rollType: 'normal',
  deletedAt: null,
  _id: 60f00c3f5cf2cb4828bd3fd9,
  email: 'hi@naver.com',
  nickname: 'Moon',
  password: '$2b$12$zn7trq.vCCe0aTFpzWAqCumZSUIh5IWFOZUP2sn6KSuNTDfVrFt1u',
  createdAt: 2021-07-15T10:21:51.765Z,
  updatedAt: 2021-07-15T10:21:51.765Z,
  __v: 0
}
2021-08-07 15:33:05 info: {
  point: 0,
  rollType: 'normal',
  deletedAt: null,
  _id: 60f00c3f5cf2cb4828bd3fd9,
  email: 'hi@naver.com',
  nickname: 'Moon',
  password: '$2b$12$zn7trq.vCCe0aTFpzWAqCumZSUIh5IWFOZUP2sn6KSuNTDfVrFt1u',
  createdAt: 2021-07-15T10:21:51.765Z,
  updatedAt: 2021-07-15T10:21:51.765Z,
  __v: 0
}
2021-08-07 15:33:13 info: {
  point: 0,
  rollType: 'normal',
  deletedAt: null,
  _id: 60f00c3f5cf2cb4828bd3fd9,
  email: 'hi@naver.com',
  nickname: 'Moon',
  password: '$2b$12$zn7trq.vCCe0aTFpzWAqCumZSUIh5IWFOZUP2sn6KSuNTDfVrFt1u',
  createdAt: 2021-07-15T10:21:51.765Z,
  updatedAt: 2021-07-15T10:21:51.765Z,
  __v: 0
}
2021-08-07 15:33:50 info: {
  point: 0,
  rollType: 'normal',
  deletedAt: null,
  _id: 60f00c3f5cf2cb4828bd3fd9,
  email: 'hi@naver.com',
  nickname: 'Moon',
  password: '$2b$12$zn7trq.vCCe0aTFpzWAqCumZSUIh5IWFOZUP2sn6KSuNTDfVrFt1u',
  createdAt: 2021-07-15T10:21:51.765Z,
  updatedAt: 2021-07-15T10:21:51.765Z,
  __v: 0
}
2021-08-07 15:39:49 info: {
  point: 0,
  rollType: 'normal',
  deletedAt: null,
  _id: 60f00c3f5cf2cb4828bd3fd9,
  email: 'hi@naver.com',
  nickname: 'Moon',
  password: '$2b$12$zn7trq.vCCe0aTFpzWAqCumZSUIh5IWFOZUP2sn6KSuNTDfVrFt1u',
  createdAt: 2021-07-15T10:21:51.765Z,
  updatedAt: 2021-07-15T10:21:51.765Z,
  __v: 0
}
2021-08-07 15:41:17 info: {
  point: 0,
  rollType: 'normal',
  deletedAt: null,
  _id: 60f00c3f5cf2cb4828bd3fd9,
  email: 'hi@naver.com',
  nickname: 'Moon',
  password: '$2b$12$zn7trq.vCCe0aTFpzWAqCumZSUIh5IWFOZUP2sn6KSuNTDfVrFt1u',
  createdAt: 2021-07-15T10:21:51.765Z,
  updatedAt: 2021-07-15T10:21:51.765Z,
  __v: 0
},{
  point: 0,
  rollType: 'normal',
  deletedAt: null,
  _id: 610e2b0496973e34d0289ba7,
  email: 'hello@naver.com',
  nickname: 'hello',
  password: '$2b$12$gJSF5FcYLGbTurj10lEfFewISsFG87envJ4P.SEfRjDkVbPweJcEi',
  createdAt: 2021-08-07T06:41:08.738Z,
  updatedAt: 2021-08-07T06:41:08.738Z,
  __v: 0
}
2021-08-07 16:28:45 info: {
  point: 0,
  rollType: 'normal',
  deletedAt: null,
  _id: 60f00c3f5cf2cb4828bd3fd9,
  email: 'hi@naver.com',
  nickname: 'Moon',
  password: '$2b$12$zn7trq.vCCe0aTFpzWAqCumZSUIh5IWFOZUP2sn6KSuNTDfVrFt1u',
  createdAt: 2021-07-15T10:21:51.765Z,
  updatedAt: 2021-07-15T10:21:51.765Z,
  __v: 0
},{
  point: 0,
  rollType: 'normal',
  deletedAt: null,
  _id: 610e2b0496973e34d0289ba7,
  email: 'hello@naver.com',
  nickname: 'hello',
  password: '$2b$12$gJSF5FcYLGbTurj10lEfFewISsFG87envJ4P.SEfRjDkVbPweJcEi',
  createdAt: 2021-08-07T06:41:08.738Z,
  updatedAt: 2021-08-07T06:41:08.738Z,
  __v: 0
}
2021-08-07 17:07:22 info: {
  point: 0,
  rollType: 'normal',
  deletedAt: null,
  _id: 60f00c3f5cf2cb4828bd3fd9,
  email: 'hi@naver.com',
  nickname: 'Moon',
  password: '$2b$12$zn7trq.vCCe0aTFpzWAqCumZSUIh5IWFOZUP2sn6KSuNTDfVrFt1u',
  createdAt: 2021-07-15T10:21:51.765Z,
  updatedAt: 2021-07-15T10:21:51.765Z,
  __v: 0
},{
  point: 0,
  rollType: 'normal',
  deletedAt: null,
  _id: 610e2b0496973e34d0289ba7,
  email: 'hello@naver.com',
  nickname: 'hello',
  password: '$2b$12$gJSF5FcYLGbTurj10lEfFewISsFG87envJ4P.SEfRjDkVbPweJcEi',
  createdAt: 2021-08-07T06:41:08.738Z,
  updatedAt: 2021-08-07T06:41:08.738Z,
  __v: 0
},{
  point: 0,
  rollType: 'normal',
  deletedAt: null,
  _id: 610e3f11671842558c4c849c,
  email: '1@naver.com',
  nickname: 'first',
  password: '$2b$12$v/MiODdxFz1mE3x1FDxQb.b9CXpSXadif9Upmxji9NHUnprk7Y7nC',
  createdAt: 2021-08-07T08:06:41.592Z,
  updatedAt: 2021-08-07T08:06:41.592Z,
  __v: 0
},{
  point: 0,
  rollType: 'normal',
  deletedAt: null,
  _id: 610e3f1e671842558c4c84a0,
  email: '2@naver.com',
  nickname: 'second',
  password: '$2b$12$aK5lclsmO8YzZNQFNMrtd.R1m7t1hqfCIaixWdHyoqpDNBpktTxyO',
  createdAt: 2021-08-07T08:06:54.718Z,
  updatedAt: 2021-08-07T08:06:54.718Z,
  __v: 0
},{
  point: 0,
  rollType: 'normal',
  deletedAt: null,
  _id: 610e3f32671842558c4c84a4,
  email: '3@naver.com',
  nickname: 'third',
  password: '$2b$12$ZSWvxctDKmCQD3nccZ.kk.0Tk/FrU6Opz6feS8uxw6lY5/rjUNx6.',
  createdAt: 2021-08-07T08:07:14.838Z,
  updatedAt: 2021-08-07T08:07:14.838Z,
  __v: 0
}
2021-08-07 17:07:50 info: {
  point: 0,
  rollType: 'normal',
  deletedAt: null,
  _id: 60f00c3f5cf2cb4828bd3fd9,
  email: 'hi@naver.com',
  nickname: 'Moon',
  password: '$2b$12$zn7trq.vCCe0aTFpzWAqCumZSUIh5IWFOZUP2sn6KSuNTDfVrFt1u',
  createdAt: 2021-07-15T10:21:51.765Z,
  updatedAt: 2021-07-15T10:21:51.765Z,
  __v: 0
},{
  point: 0,
  rollType: 'normal',
  deletedAt: null,
  _id: 610e2b0496973e34d0289ba7,
  email: 'hello@naver.com',
  nickname: 'hello',
  password: '$2b$12$gJSF5FcYLGbTurj10lEfFewISsFG87envJ4P.SEfRjDkVbPweJcEi',
  createdAt: 2021-08-07T06:41:08.738Z,
  updatedAt: 2021-08-07T06:41:08.738Z,
  __v: 0
},{
  point: 0,
  rollType: 'normal',
  deletedAt: null,
  _id: 610e3f11671842558c4c849c,
  email: '1@naver.com',
  nickname: 'first',
  password: '$2b$12$v/MiODdxFz1mE3x1FDxQb.b9CXpSXadif9Upmxji9NHUnprk7Y7nC',
  createdAt: 2021-08-07T08:06:41.592Z,
  updatedAt: 2021-08-07T08:06:41.592Z,
  __v: 0
},{
  point: 0,
  rollType: 'normal',
  deletedAt: null,
  _id: 610e3f1e671842558c4c84a0,
  email: '2@naver.com',
  nickname: 'second',
  password: '$2b$12$aK5lclsmO8YzZNQFNMrtd.R1m7t1hqfCIaixWdHyoqpDNBpktTxyO',
  createdAt: 2021-08-07T08:06:54.718Z,
  updatedAt: 2021-08-07T08:06:54.718Z,
  __v: 0
},{
  point: 0,
  rollType: 'normal',
  deletedAt: null,
  _id: 610e3f32671842558c4c84a4,
  email: '3@naver.com',
  nickname: 'third',
  password: '$2b$12$ZSWvxctDKmCQD3nccZ.kk.0Tk/FrU6Opz6feS8uxw6lY5/rjUNx6.',
  createdAt: 2021-08-07T08:07:14.838Z,
  updatedAt: 2021-08-07T08:07:14.838Z,
  __v: 0
},{
  point: 0,
  rollType: 'normal',
  deletedAt: null,
  _id: 610e3f51671842558c4c84b2,
  email: '4@naver.com',
  nickname: 'fourth',
  password: '$2b$12$rUS/LFU5dDFMJhvqJue7Vu7x2nFOzgxF.0mTibY1VeVHLC3xRMyB2',
  createdAt: 2021-08-07T08:07:45.939Z,
  updatedAt: 2021-08-07T08:07:45.939Z,
  __v: 0
}
2021-08-07 17:38:26 info: {
  point: 0,
  rollType: 'normal',
  deletedAt: null,
  _id: 60f00c3f5cf2cb4828bd3fd9,
  email: 'hi@naver.com',
  nickname: 'Moon',
  password: '$2b$12$zn7trq.vCCe0aTFpzWAqCumZSUIh5IWFOZUP2sn6KSuNTDfVrFt1u',
  createdAt: 2021-07-15T10:21:51.765Z,
  updatedAt: 2021-07-15T10:21:51.765Z,
  __v: 0
},{
  point: 0,
  rollType: 'normal',
  deletedAt: null,
  _id: 610e2b0496973e34d0289ba7,
  email: 'hello@naver.com',
  nickname: 'hello',
  password: '$2b$12$gJSF5FcYLGbTurj10lEfFewISsFG87envJ4P.SEfRjDkVbPweJcEi',
  createdAt: 2021-08-07T06:41:08.738Z,
  updatedAt: 2021-08-07T06:41:08.738Z,
  __v: 0
},{
  point: 0,
  rollType: 'normal',
  deletedAt: null,
  _id: 610e3f11671842558c4c849c,
  email: '1@naver.com',
  nickname: 'first',
  password: '$2b$12$v/MiODdxFz1mE3x1FDxQb.b9CXpSXadif9Upmxji9NHUnprk7Y7nC',
  createdAt: 2021-08-07T08:06:41.592Z,
  updatedAt: 2021-08-07T08:06:41.592Z,
  __v: 0
},{
  point: 0,
  rollType: 'normal',
  deletedAt: null,
  _id: 610e3f1e671842558c4c84a0,
  email: '2@naver.com',
  nickname: 'second',
  password: '$2b$12$aK5lclsmO8YzZNQFNMrtd.R1m7t1hqfCIaixWdHyoqpDNBpktTxyO',
  createdAt: 2021-08-07T08:06:54.718Z,
  updatedAt: 2021-08-07T08:06:54.718Z,
  __v: 0
},{
  point: 0,
  rollType: 'normal',
  deletedAt: null,
  _id: 610e3f32671842558c4c84a4,
  email: '3@naver.com',
  nickname: 'third',
  password: '$2b$12$ZSWvxctDKmCQD3nccZ.kk.0Tk/FrU6Opz6feS8uxw6lY5/rjUNx6.',
  createdAt: 2021-08-07T08:07:14.838Z,
  updatedAt: 2021-08-07T08:07:14.838Z,
  __v: 0
},{
  point: 0,
  rollType: 'normal',
  deletedAt: null,
  _id: 610e3f51671842558c4c84b2,
  email: '4@naver.com',
  nickname: 'fourth',
  password: '$2b$12$rUS/LFU5dDFMJhvqJue7Vu7x2nFOzgxF.0mTibY1VeVHLC3xRMyB2',
  createdAt: 2021-08-07T08:07:45.939Z,
  updatedAt: 2021-08-07T08:07:45.939Z,
  __v: 0
}
2021-08-07 17:59:18 info: {
  point: 0,
  rollType: 'normal',
  deletedAt: null,
  _id: 60f00c3f5cf2cb4828bd3fd9,
  email: 'hi@naver.com',
  nickname: 'Moon',
  password: '$2b$12$zn7trq.vCCe0aTFpzWAqCumZSUIh5IWFOZUP2sn6KSuNTDfVrFt1u',
  createdAt: 2021-07-15T10:21:51.765Z,
  updatedAt: 2021-07-15T10:21:51.765Z,
  __v: 0
},{
  point: 0,
  rollType: 'normal',
  deletedAt: null,
  _id: 610e2b0496973e34d0289ba7,
  email: 'hello@naver.com',
  nickname: 'hello',
  password: '$2b$12$gJSF5FcYLGbTurj10lEfFewISsFG87envJ4P.SEfRjDkVbPweJcEi',
  createdAt: 2021-08-07T06:41:08.738Z,
  updatedAt: 2021-08-07T06:41:08.738Z,
  __v: 0
},{
  point: 0,
  rollType: 'normal',
  deletedAt: null,
  _id: 610e3f11671842558c4c849c,
  email: '1@naver.com',
  nickname: 'first',
  password: '$2b$12$v/MiODdxFz1mE3x1FDxQb.b9CXpSXadif9Upmxji9NHUnprk7Y7nC',
  createdAt: 2021-08-07T08:06:41.592Z,
  updatedAt: 2021-08-07T08:06:41.592Z,
  __v: 0
},{
  point: 0,
  rollType: 'normal',
  deletedAt: null,
  _id: 610e3f1e671842558c4c84a0,
  email: '2@naver.com',
  nickname: 'second',
  password: '$2b$12$aK5lclsmO8YzZNQFNMrtd.R1m7t1hqfCIaixWdHyoqpDNBpktTxyO',
  createdAt: 2021-08-07T08:06:54.718Z,
  updatedAt: 2021-08-07T08:06:54.718Z,
  __v: 0
},{
  point: 0,
  rollType: 'normal',
  deletedAt: null,
  _id: 610e3f32671842558c4c84a4,
  email: '3@naver.com',
  nickname: 'third',
  password: '$2b$12$ZSWvxctDKmCQD3nccZ.kk.0Tk/FrU6Opz6feS8uxw6lY5/rjUNx6.',
  createdAt: 2021-08-07T08:07:14.838Z,
  updatedAt: 2021-08-07T08:07:14.838Z,
  __v: 0
},{
  point: 0,
  rollType: 'normal',
  deletedAt: null,
  _id: 610e3f51671842558c4c84b2,
  email: '4@naver.com',
  nickname: 'fourth',
  password: '$2b$12$rUS/LFU5dDFMJhvqJue7Vu7x2nFOzgxF.0mTibY1VeVHLC3xRMyB2',
  createdAt: 2021-08-07T08:07:45.939Z,
  updatedAt: 2021-08-07T08:07:45.939Z,
  __v: 0
}
2021-08-07 18:15:06 info: {
  point: 0,
  rollType: 'normal',
  deletedAt: null,
  _id: 60f00c3f5cf2cb4828bd3fd9,
  email: 'hi@naver.com',
  nickname: 'Moon',
  password: '$2b$12$zn7trq.vCCe0aTFpzWAqCumZSUIh5IWFOZUP2sn6KSuNTDfVrFt1u',
  createdAt: 2021-07-15T10:21:51.765Z,
  updatedAt: 2021-07-15T10:21:51.765Z,
  __v: 0
},{
  point: 0,
  rollType: 'normal',
  deletedAt: null,
  _id: 610e2b0496973e34d0289ba7,
  email: 'hello@naver.com',
  nickname: 'hello',
  password: '$2b$12$gJSF5FcYLGbTurj10lEfFewISsFG87envJ4P.SEfRjDkVbPweJcEi',
  createdAt: 2021-08-07T06:41:08.738Z,
  updatedAt: 2021-08-07T06:41:08.738Z,
  __v: 0
},{
  point: 0,
  rollType: 'normal',
  deletedAt: null,
  _id: 610e3f11671842558c4c849c,
  email: '1@naver.com',
  nickname: 'first',
  password: '$2b$12$v/MiODdxFz1mE3x1FDxQb.b9CXpSXadif9Upmxji9NHUnprk7Y7nC',
  createdAt: 2021-08-07T08:06:41.592Z,
  updatedAt: 2021-08-07T08:06:41.592Z,
  __v: 0
},{
  point: 0,
  rollType: 'normal',
  deletedAt: null,
  _id: 610e3f1e671842558c4c84a0,
  email: '2@naver.com',
  nickname: 'second',
  password: '$2b$12$aK5lclsmO8YzZNQFNMrtd.R1m7t1hqfCIaixWdHyoqpDNBpktTxyO',
  createdAt: 2021-08-07T08:06:54.718Z,
  updatedAt: 2021-08-07T08:06:54.718Z,
  __v: 0
},{
  point: 0,
  rollType: 'normal',
  deletedAt: null,
  _id: 610e3f32671842558c4c84a4,
  email: '3@naver.com',
  nickname: 'third',
  password: '$2b$12$ZSWvxctDKmCQD3nccZ.kk.0Tk/FrU6Opz6feS8uxw6lY5/rjUNx6.',
  createdAt: 2021-08-07T08:07:14.838Z,
  updatedAt: 2021-08-07T08:07:14.838Z,
  __v: 0
},{
  point: 0,
  rollType: 'normal',
  deletedAt: null,
  _id: 610e3f51671842558c4c84b2,
  email: '4@naver.com',
  nickname: 'fourth',
  password: '$2b$12$rUS/LFU5dDFMJhvqJue7Vu7x2nFOzgxF.0mTibY1VeVHLC3xRMyB2',
  createdAt: 2021-08-07T08:07:45.939Z,
  updatedAt: 2021-08-07T08:07:45.939Z,
  __v: 0
}
2021-08-07 21:31:07 info: {
  point: 0,
  rollType: 'normal',
  deletedAt: null,
  _id: 610e3c0ff4fccc4438cac877,
  email: 'test@test.com',
  nickname: 'test',
  password: '$2b$12$XI1tJkTbo0ZtMzhhhd8S7OykrlYp9TDp1lQhOLU259VKwpJu2yAwu',
  createdAt: 2021-08-07T07:53:51.975Z,
  updatedAt: 2021-08-07T07:53:51.975Z,
  __v: 0
}
2021-08-07 22:04:10 info: {
  point: 0,
  rollType: 'normal',
  deletedAt: null,
  _id: 610e3c0ff4fccc4438cac877,
  email: 'test@test.com',
  nickname: 'test',
  password: '$2b$12$XI1tJkTbo0ZtMzhhhd8S7OykrlYp9TDp1lQhOLU259VKwpJu2yAwu',
  createdAt: 2021-08-07T07:53:51.975Z,
  updatedAt: 2021-08-07T07:53:51.975Z,
  __v: 0
}
2021-08-07 22:12:31 info: {
  point: 0,
  rollType: 'normal',
  deletedAt: null,
  _id: 610e3c0ff4fccc4438cac877,
  email: 'test@test.com',
  nickname: 'test',
  password: '$2b$12$XI1tJkTbo0ZtMzhhhd8S7OykrlYp9TDp1lQhOLU259VKwpJu2yAwu',
  createdAt: 2021-08-07T07:53:51.975Z,
  updatedAt: 2021-08-07T07:53:51.975Z,
  __v: 0
}
2021-08-07 22:12:40 info: {
  point: 0,
  rollType: 'normal',
  deletedAt: null,
  _id: 610e3c0ff4fccc4438cac877,
  email: 'test@test.com',
  nickname: 'test',
  password: '$2b$12$XI1tJkTbo0ZtMzhhhd8S7OykrlYp9TDp1lQhOLU259VKwpJu2yAwu',
  createdAt: 2021-08-07T07:53:51.975Z,
  updatedAt: 2021-08-07T07:53:51.975Z,
  __v: 0
}
2021-08-07 22:13:56 info: {
  point: 0,
  rollType: 'normal',
  deletedAt: null,
  _id: 610e3c0ff4fccc4438cac877,
  email: 'test@test.com',
  nickname: 'test',
  password: '$2b$12$XI1tJkTbo0ZtMzhhhd8S7OykrlYp9TDp1lQhOLU259VKwpJu2yAwu',
  createdAt: 2021-08-07T07:53:51.975Z,
  updatedAt: 2021-08-07T07:53:51.975Z,
  __v: 0
}
2021-08-07 22:15:05 info: {
  point: 0,
  rollType: 'normal',
  deletedAt: null,
  _id: 610e3c0ff4fccc4438cac877,
  email: 'test@test.com',
  nickname: 'test',
  password: '$2b$12$XI1tJkTbo0ZtMzhhhd8S7OykrlYp9TDp1lQhOLU259VKwpJu2yAwu',
  createdAt: 2021-08-07T07:53:51.975Z,
  updatedAt: 2021-08-07T07:53:51.975Z,
  __v: 0
}
2021-08-07 22:15:19 info: {
  point: 0,
  rollType: 'normal',
  deletedAt: null,
  _id: 610e3c0ff4fccc4438cac877,
  email: 'test@test.com',
  nickname: 'test',
  password: '$2b$12$XI1tJkTbo0ZtMzhhhd8S7OykrlYp9TDp1lQhOLU259VKwpJu2yAwu',
  createdAt: 2021-08-07T07:53:51.975Z,
  updatedAt: 2021-08-07T07:53:51.975Z,
  __v: 0
}
2021-08-07 22:18:51 info: {
  point: 0,
  rollType: 'normal',
  deletedAt: null,
  _id: 610e3c0ff4fccc4438cac877,
  email: 'test@test.com',
  nickname: 'test',
  password: '$2b$12$XI1tJkTbo0ZtMzhhhd8S7OykrlYp9TDp1lQhOLU259VKwpJu2yAwu',
  createdAt: 2021-08-07T07:53:51.975Z,
  updatedAt: 2021-08-07T07:53:51.975Z,
  __v: 0
}
2021-08-07 22:43:21 info: {
  point: 0,
  rollType: 'normal',
  deletedAt: null,
  _id: 610e3c0ff4fccc4438cac877,
  email: 'test@test.com',
  nickname: 'test',
  password: '$2b$12$XI1tJkTbo0ZtMzhhhd8S7OykrlYp9TDp1lQhOLU259VKwpJu2yAwu',
  createdAt: 2021-08-07T07:53:51.975Z,
  updatedAt: 2021-08-07T07:53:51.975Z,
  __v: 0
}
2021-08-07 22:50:20 info: {
  point: 0,
  rollType: 'normal',
  deletedAt: null,
  _id: 610e3c0ff4fccc4438cac877,
  email: 'test@test.com',
  nickname: 'test',
  password: '$2b$12$XI1tJkTbo0ZtMzhhhd8S7OykrlYp9TDp1lQhOLU259VKwpJu2yAwu',
  createdAt: 2021-08-07T07:53:51.975Z,
  updatedAt: 2021-08-07T07:53:51.975Z,
  __v: 0
}
2021-08-07 22:50:26 info: {
  point: 0,
  rollType: 'normal',
  deletedAt: null,
  _id: 610e3c0ff4fccc4438cac877,
  email: 'test@test.com',
  nickname: 'test',
  password: '$2b$12$XI1tJkTbo0ZtMzhhhd8S7OykrlYp9TDp1lQhOLU259VKwpJu2yAwu',
  createdAt: 2021-08-07T07:53:51.975Z,
  updatedAt: 2021-08-07T07:53:51.975Z,
  __v: 0
}
2021-08-07 22:50:38 info: {
  point: 0,
  rollType: 'normal',
  deletedAt: null,
  _id: 610e3c0ff4fccc4438cac877,
  email: 'test@test.com',
  nickname: 'test',
  password: '$2b$12$XI1tJkTbo0ZtMzhhhd8S7OykrlYp9TDp1lQhOLU259VKwpJu2yAwu',
  createdAt: 2021-08-07T07:53:51.975Z,
  updatedAt: 2021-08-07T07:53:51.975Z,
  __v: 0
}
2021-08-07 22:54:52 info: {
  point: 0,
  rollType: 'normal',
  deletedAt: null,
  _id: 610e3c0ff4fccc4438cac877,
  email: 'test@test.com',
  nickname: 'test',
  password: '$2b$12$XI1tJkTbo0ZtMzhhhd8S7OykrlYp9TDp1lQhOLU259VKwpJu2yAwu',
  createdAt: 2021-08-07T07:53:51.975Z,
  updatedAt: 2021-08-07T07:53:51.975Z,
  __v: 0
}
2021-08-07 23:16:24 info: {
  point: 0,
  rollType: 'normal',
  deletedAt: null,
  _id: 610e3c0ff4fccc4438cac877,
  email: 'test@test.com',
  nickname: 'test',
  password: '$2b$12$XI1tJkTbo0ZtMzhhhd8S7OykrlYp9TDp1lQhOLU259VKwpJu2yAwu',
  createdAt: 2021-08-07T07:53:51.975Z,
  updatedAt: 2021-08-07T07:53:51.975Z,
  __v: 0
}
2021-08-07 23:22:27 info: {
  point: 0,
  rollType: 'normal',
  deletedAt: null,
  _id: 610e3c0ff4fccc4438cac877,
  email: 'test@test.com',
  nickname: 'test',
  password: '$2b$12$XI1tJkTbo0ZtMzhhhd8S7OykrlYp9TDp1lQhOLU259VKwpJu2yAwu',
  createdAt: 2021-08-07T07:53:51.975Z,
  updatedAt: 2021-08-07T07:53:51.975Z,
  __v: 0
}
